{
    Java_com_nordsec_telio_libtelioJNI_LOG_1CRITICAL_1get;
    Java_com_nordsec_telio_libtelioJNI_LOG_1ERROR_1get;
    Java_com_nordsec_telio_libtelioJNI_LOG_1WARNING_1get;
    Java_com_nordsec_telio_libtelioJNI_LOG_1INFO_1get;
    Java_com_nordsec_telio_libtelioJNI_LOG_1DEBUG_1get;
    Java_com_nordsec_telio_libtelioJNI_LOG_1TRACE_1get;
    Java_com_nordsec_telio_libtelioJNI_RES_1OK_1get;
    Java_com_nordsec_telio_libtelioJNI_RES_1ERROR_1get;
    Java_com_nordsec_telio_libtelioJNI_RES_1INVALID_1KEY_1get;
    Java_com_nordsec_telio_libtelioJNI_RES_1BAD_1CONFIG_1get;
    Java_com_nordsec_telio_libtelioJNI_RES_1LOCK_1ERROR_1get;
    Java_com_nordsec_telio_libtelioJNI_RES_1INVALID_1STRING_1get;
    Java_com_nordsec_telio_libtelioJNI_RES_1ALREADY_1STARTED_1get;
    Java_com_nordsec_telio_libtelioJNI_new_1Telio;
    Java_com_nordsec_telio_libtelioJNI_Telio_1getDefaultAdapter;
    Java_com_nordsec_telio_libtelioJNI_delete_1Telio;
    Java_com_nordsec_telio_libtelioJNI_Telio_1start;
    Java_com_nordsec_telio_libtelioJNI_Telio_1startNamed;
    Java_com_nordsec_telio_libtelioJNI_Telio_1startWithTun;
    Java_com_nordsec_telio_libtelioJNI_Telio_1enableMagicDns;
    Java_com_nordsec_telio_libtelioJNI_Telio_1disableMagicDns;
    Java_com_nordsec_telio_libtelioJNI_Telio_1stop;
    Java_com_nordsec_telio_libtelioJNI_Telio_1getAdapterLuid;
    Java_com_nordsec_telio_libtelioJNI_Telio_1setPrivateKey;
    Java_com_nordsec_telio_libtelioJNI_Telio_1getPrivateKey;
    Java_com_nordsec_telio_libtelioJNI_Telio_1notifyNetworkChange;
    Java_com_nordsec_telio_libtelioJNI_Telio_1connectToExitNode;
    Java_com_nordsec_telio_libtelioJNI_Telio_1disconnectFromExitNode;
    Java_com_nordsec_telio_libtelioJNI_Telio_1disconnectFromExitNodes;
    Java_com_nordsec_telio_libtelioJNI_Telio_1setMeshnet;
    Java_com_nordsec_telio_libtelioJNI_Telio_1setMeshnetOff;
    Java_com_nordsec_telio_libtelioJNI_Telio_1generateSecretKey;
    Java_com_nordsec_telio_libtelioJNI_Telio_1generatePublicKey;
    Java_com_nordsec_telio_libtelioJNI_Telio_1getStatusMap;
    Java_com_nordsec_telio_libtelioJNI_Telio_1getLastError;
    Java_com_nordsec_telio_libtelioJNI_Telio_1getVersionTag;
    Java_com_nordsec_telio_libtelioJNI_Telio_1getCommitSha;
};
